<?xml version="1.0" encoding="utf-8"?>
<androidx.cardview.widget.CardView xmlns:android="http://schemas.android.com/apk/res/android"
    android:layout_width="wrap_content"
    android:layout_height="wrap_content"
    android:background="@drawable/dialog_bg"
    android:id="@+id/dialogFon"
    android:layout_gravity="center"
    android:layout_margin="10dp"
    app:cardCornerRadius="20dp"
    xmlns:app="http://schemas.android.com/apk/res-auto">

    <ImageView
        android:src="@drawable/dialog_bg"
        android:layout_width="match_parent"
        android:layout_height="match_parent"
        android:scaleType="fitXY"/>

    <LinearLayout
        android:layout_width="match_parent"
        android:layout_height="wrap_content"
        android:gravity="center"
        android:orientation="vertical"
        android:padding="20dp">

        <ImageView
            android:id="@+id/close_dialog"
            android:layout_width="wrap_content"
            android:layout_height="wrap_content"
            android:layout_gravity="end"
            android:src="@drawable/ic_baseline_close"
            app:layout_constraintEnd_toEndOf="parent"
            app:layout_constraintTop_toTopOf="parent"
            app:tint="@color/dark_blue_1" />

        <ImageView
            android:layout_width="wrap_content"
            android:layout_height="200dp"
            android:src="@drawable/peoples_alert"
            android:layout_marginTop="10dp"
            />

        <TextView
            android:id="@+id/currentAnswer"
            android:layout_width="match_parent"
            android:layout_height="30dp"
            android:text="Туура жооптор: "
            android:textColor="@color/white"
            android:textSize="15sp"
            android:gravity="center_vertical"
            android:textStyle="bold|italic" />

        <TextView
            android:id="@+id/wrongAnswer"
            android:layout_width="match_parent"
            android:layout_height="30dp"
            android:text="Wrong answers: "
            android:textColor="@color/white"
            android:textSize="15sp"
            android:gravity="center_vertical"
            android:textStyle="bold|italic" />

        <TextView
            android:id="@+id/motivText"
            android:layout_width="match_parent"
            android:layout_height="80dp"
            android:layout_marginTop="10dp"
            android:text="fdgdgdjfdljgldkljglkdjgkljdlljgdjgkldjkgfjd"
            android:textColor="@color/white"
            android:textSize="20sp"
            android:textStyle="bold" />

        <Button
            android:id="@+id/btnNext"
            android:layout_width="wrap_content"
            android:layout_height="wrap_content"
            android:text="@string/next"
            android:textAllCaps="true"
            android:background="@drawable/answers_bg_change_color_green"
            android:textColor="@color/white"
            android:textSize="24sp"
            android:paddingLeft="15dp"
            android:layout_marginTop="15dp"
            android:paddingRight="15dp"

            />


    </LinearLayout>

</androidx.cardview.widget.CardView>